2022-03-18 15:02:00 notice: Notice (8): Array to string conversion in [D:\wamp64\www\clmad_app\vendor\twig\twig\src\Environment.php(358) : eval()'d code, line 107]
Trace:
Cake\Error\BaseErrorHandler::handleError() - CORE\src\Error\BaseErrorHandler.php, line 185
__TwigTemplate_1b1bef9b56b7bbbd845e6b0a0e84b2d4ae02a7861286601747a4d2b27c88cd66::doDisplay() - ROOT\vendor\twig\twig\src\Environment.php(358) : eval()'d code, line 107
Twig\Template::displayWithErrorHandling() - ROOT\vendor\twig\twig\src\Template.php, line 394
Twig\Template::display() - ROOT\vendor\twig\twig\src\Template.php, line 367
Twig\Template::render() - ROOT\vendor\twig\twig\src\Template.php, line 379
Twig\TemplateWrapper::render() - ROOT\vendor\twig\twig\src\TemplateWrapper.php, line 40
Cake\TwigView\View\TwigView::_evaluate() - ROOT\vendor\cakephp\twig-view\src\View\TwigView.php, line 301
Cake\View\View::_render() - CORE\src\View\View.php, line 1138
Bake\View\BakeView::render() - ROOT\vendor\cakephp\bake\src\View\BakeView.php, line 84
Bake\Utility\TemplateRenderer::generate() - ROOT\vendor\cakephp\bake\src\Utility\TemplateRenderer.php, line 101
Bake\Command\TemplateCommand::getContent() - ROOT\vendor\cakephp\bake\src\Command\TemplateCommand.php, line 400
Bake\Command\TemplateCommand::execute() - ROOT\vendor\cakephp\bake\src\Command\TemplateCommand.php, line 143
Bake\Command\AllCommand::execute() - ROOT\vendor\cakephp\bake\src\Command\AllCommand.php, line 115
Cake\Console\BaseCommand::run() - CORE\src\Console\BaseCommand.php, line 179
Cake\Console\CommandRunner::runCommand() - CORE\src\Console\CommandRunner.php, line 334
Cake\Console\CommandRunner::run() - CORE\src\Console\CommandRunner.php, line 172
[main] - ROOT\bin\cake.php, line 12

2022-03-18 15:02:12 notice: Notice (8): Array to string conversion in [D:\wamp64\www\clmad_app\vendor\twig\twig\src\Environment.php(358) : eval()'d code, line 107]
Trace:
Cake\Error\BaseErrorHandler::handleError() - CORE\src\Error\BaseErrorHandler.php, line 185
__TwigTemplate_1b1bef9b56b7bbbd845e6b0a0e84b2d4ae02a7861286601747a4d2b27c88cd66::doDisplay() - ROOT\vendor\twig\twig\src\Environment.php(358) : eval()'d code, line 107
Twig\Template::displayWithErrorHandling() - ROOT\vendor\twig\twig\src\Template.php, line 394
Twig\Template::display() - ROOT\vendor\twig\twig\src\Template.php, line 367
Twig\Template::render() - ROOT\vendor\twig\twig\src\Template.php, line 379
Twig\TemplateWrapper::render() - ROOT\vendor\twig\twig\src\TemplateWrapper.php, line 40
Cake\TwigView\View\TwigView::_evaluate() - ROOT\vendor\cakephp\twig-view\src\View\TwigView.php, line 301
Cake\View\View::_render() - CORE\src\View\View.php, line 1138
Bake\View\BakeView::render() - ROOT\vendor\cakephp\bake\src\View\BakeView.php, line 84
Bake\Utility\TemplateRenderer::generate() - ROOT\vendor\cakephp\bake\src\Utility\TemplateRenderer.php, line 101
Bake\Command\TemplateCommand::getContent() - ROOT\vendor\cakephp\bake\src\Command\TemplateCommand.php, line 400
Bake\Command\TemplateCommand::execute() - ROOT\vendor\cakephp\bake\src\Command\TemplateCommand.php, line 143
Bake\Command\AllCommand::execute() - ROOT\vendor\cakephp\bake\src\Command\AllCommand.php, line 115
Cake\Console\BaseCommand::run() - CORE\src\Console\BaseCommand.php, line 179
Cake\Console\CommandRunner::runCommand() - CORE\src\Console\CommandRunner.php, line 334
Cake\Console\CommandRunner::run() - CORE\src\Console\CommandRunner.php, line 172
[main] - ROOT\bin\cake.php, line 12

2022-06-28 12:20:43 debug: Reading migrations status for test...
2022-06-28 12:25:39 debug: Reading migrations status for test...
2022-06-28 12:31:51 debug: Reading migrations status for test...
2022-06-28 12:37:33 debug: Reading migrations status for test...
2022-06-28 12:39:32 debug: Reading migrations status for test...
2022-06-28 12:49:55 debug: Reading migrations status for test...
2022-06-28 12:52:44 debug: Reading migrations status for test...
2022-06-28 13:00:09 debug: Reading migrations status for test...
2022-06-28 13:56:57 debug: Reading migrations status for test...
2022-06-28 14:02:01 debug: Reading migrations status for test...
2022-06-28 14:06:44 debug: Reading migrations status for test...
2022-06-28 14:09:45 debug: Reading migrations status for test...
2022-06-28 14:18:30 debug: Reading migrations status for test...
2022-06-28 14:18:57 debug: Reading migrations status for test...
2022-06-28 14:22:16 debug: Reading migrations status for test...
2022-06-28 14:24:21 debug: Reading migrations status for test...
2022-06-28 14:27:10 debug: Reading migrations status for test...
2022-06-28 14:27:48 debug: Reading migrations status for test...
2022-06-28 17:27:04 debug: Reading migrations status for test...
2022-06-28 17:32:03 debug: Reading migrations status for test...
2022-06-28 17:36:51 debug: Reading migrations status for test...
2022-06-28 17:45:12 debug: Reading migrations status for test...
2022-06-28 17:58:32 debug: Reading migrations status for test...
2022-06-28 18:12:37 debug: Reading migrations status for test...
2022-06-28 18:19:34 debug: Reading migrations status for test...
2022-06-28 18:25:41 debug: Reading migrations status for test...
2022-06-28 18:26:20 debug: Reading migrations status for test...
2022-06-28 18:28:37 debug: Reading migrations status for test...
2022-06-28 18:30:48 debug: Reading migrations status for test...
2022-06-28 18:36:15 debug: Reading migrations status for test...
2022-06-28 18:37:37 debug: Reading migrations status for test...
2022-06-28 18:40:46 debug: Reading migrations status for test...
2022-06-28 18:43:03 debug: Reading migrations status for test...
2022-06-28 19:04:15 debug: Reading migrations status for test...
2022-06-28 19:05:02 debug: Reading migrations status for test...
2022-06-28 19:05:44 debug: Reading migrations status for test...
2022-06-28 19:10:48 debug: Reading migrations status for test...
2022-06-28 19:12:28 debug: Reading migrations status for test...
2022-06-28 19:23:29 debug: Reading migrations status for test...
2022-06-28 19:24:18 debug: Reading migrations status for test...
2022-06-28 19:28:16 debug: Reading migrations status for test...
2022-06-28 19:30:44 debug: Reading migrations status for test...
2022-06-28 19:33:55 debug: Reading migrations status for test...
2022-06-28 19:34:12 debug: Reading migrations status for test...
2022-06-28 19:35:23 debug: Reading migrations status for test...
2022-06-28 19:35:48 debug: Reading migrations status for test...
2022-06-28 19:41:03 debug: Reading migrations status for test...
2022-06-28 19:42:13 debug: Reading migrations status for test...
2022-06-28 19:45:49 debug: Reading migrations status for test...
2022-06-28 19:47:15 debug: Reading migrations status for test...
2022-06-28 19:47:39 debug: Reading migrations status for test...
2022-06-28 19:49:31 debug: Reading migrations status for test...
2022-06-28 19:49:56 debug: Reading migrations status for test...
2022-06-28 20:02:06 debug: Reading migrations status for test...
2022-06-28 20:02:29 debug: Reading migrations status for test...
2022-06-28 20:04:51 debug: Reading migrations status for test...
2022-06-28 20:06:37 debug: Reading migrations status for test...
2022-06-28 20:08:57 debug: Reading migrations status for test...
2022-06-28 20:09:39 debug: Reading migrations status for test...
2022-06-28 20:10:39 debug: Reading migrations status for test...
2022-06-28 20:11:16 debug: Reading migrations status for test...
2022-06-28 20:12:35 debug: Reading migrations status for test...
2022-06-28 20:13:47 debug: Reading migrations status for test...
2022-06-28 21:06:05 debug: Reading migrations status for test...
2022-06-28 21:07:09 debug: Reading migrations status for test...
